make  all-recursive
make[1]: Entering directory `/nexmon/bcm-public/bootimg_src/src/iperf-2.0.9'
Making all in compat
make[2]: Entering directory `/nexmon/bcm-public/bootimg_src/src/iperf-2.0.9/compat'
/nexmon/dev/android-ndk-toolchain-23/bin/arm-linux-androideabi-gcc -DHAVE_CONFIG_H -I. -I..  -I../include -I../include --sysroot=/nexmon/dev/android-ndk-toolchain-23/sysroot -I/nexmon/dev/android-ndk-toolchain-23/sysroot/usr/include -I/nexmon/dev/android-ndk-toolchain-23/include/c++/ -DANDROID -DNO_XMALLOC -mandroid -fno-rtti -fno-exceptions -Wall --sysroot=/nexmon/dev/android-ndk-toolchain-23/sysroot -I/nexmon/dev/android-ndk-toolchain-23/sysroot/usr/include -I/nexmon/opt/android/include -fPIE -DANDROID -Wno-multichar  -MT Thread.o -MD -MP -MF .deps/Thread.Tpo -c -o Thread.o Thread.c
mv -f .deps/Thread.Tpo .deps/Thread.Po
/nexmon/dev/android-ndk-toolchain-23/bin/arm-linux-androideabi-gcc -DHAVE_CONFIG_H -I. -I..  -I../include -I../include --sysroot=/nexmon/dev/android-ndk-toolchain-23/sysroot -I/nexmon/dev/android-ndk-toolchain-23/sysroot/usr/include -I/nexmon/dev/android-ndk-toolchain-23/include/c++/ -DANDROID -DNO_XMALLOC -mandroid -fno-rtti -fno-exceptions -Wall --sysroot=/nexmon/dev/android-ndk-toolchain-23/sysroot -I/nexmon/dev/android-ndk-toolchain-23/sysroot/usr/include -I/nexmon/opt/android/include -fPIE -DANDROID -Wno-multichar  -MT error.o -MD -MP -MF .deps/error.Tpo -c -o error.o error.c
mv -f .deps/error.Tpo .deps/error.Po
/nexmon/dev/android-ndk-toolchain-23/bin/arm-linux-androideabi-gcc -DHAVE_CONFIG_H -I. -I..  -I../include -I../include --sysroot=/nexmon/dev/android-ndk-toolchain-23/sysroot -I/nexmon/dev/android-ndk-toolchain-23/sysroot/usr/include -I/nexmon/dev/android-ndk-toolchain-23/include/c++/ -DANDROID -DNO_XMALLOC -mandroid -fno-rtti -fno-exceptions -Wall --sysroot=/nexmon/dev/android-ndk-toolchain-23/sysroot -I/nexmon/dev/android-ndk-toolchain-23/sysroot/usr/include -I/nexmon/opt/android/include -fPIE -DANDROID -Wno-multichar  -MT delay.o -MD -MP -MF .deps/delay.Tpo -c -o delay.o delay.c
mv -f .deps/delay.Tpo .deps/delay.Po
/nexmon/dev/android-ndk-toolchain-23/bin/arm-linux-androideabi-gcc -DHAVE_CONFIG_H -I. -I..  -I../include -I../include --sysroot=/nexmon/dev/android-ndk-toolchain-23/sysroot -I/nexmon/dev/android-ndk-toolchain-23/sysroot/usr/include -I/nexmon/dev/android-ndk-toolchain-23/include/c++/ -DANDROID -DNO_XMALLOC -mandroid -fno-rtti -fno-exceptions -Wall --sysroot=/nexmon/dev/android-ndk-toolchain-23/sysroot -I/nexmon/dev/android-ndk-toolchain-23/sysroot/usr/include -I/nexmon/opt/android/include -fPIE -DANDROID -Wno-multichar  -MT gettimeofday.o -MD -MP -MF .deps/gettimeofday.Tpo -c -o gettimeofday.o gettimeofday.c
mv -f .deps/gettimeofday.Tpo .deps/gettimeofday.Po
/nexmon/dev/android-ndk-toolchain-23/bin/arm-linux-androideabi-gcc -DHAVE_CONFIG_H -I. -I..  -I../include -I../include --sysroot=/nexmon/dev/android-ndk-toolchain-23/sysroot -I/nexmon/dev/android-ndk-toolchain-23/sysroot/usr/include -I/nexmon/dev/android-ndk-toolchain-23/include/c++/ -DANDROID -DNO_XMALLOC -mandroid -fno-rtti -fno-exceptions -Wall --sysroot=/nexmon/dev/android-ndk-toolchain-23/sysroot -I/nexmon/dev/android-ndk-toolchain-23/sysroot/usr/include -I/nexmon/opt/android/include -fPIE -DANDROID -Wno-multichar  -MT inet_ntop.o -MD -MP -MF .deps/inet_ntop.Tpo -c -o inet_ntop.o inet_ntop.c
mv -f .deps/inet_ntop.Tpo .deps/inet_ntop.Po
/nexmon/dev/android-ndk-toolchain-23/bin/arm-linux-androideabi-gcc -DHAVE_CONFIG_H -I. -I..  -I../include -I../include --sysroot=/nexmon/dev/android-ndk-toolchain-23/sysroot -I/nexmon/dev/android-ndk-toolchain-23/sysroot/usr/include -I/nexmon/dev/android-ndk-toolchain-23/include/c++/ -DANDROID -DNO_XMALLOC -mandroid -fno-rtti -fno-exceptions -Wall --sysroot=/nexmon/dev/android-ndk-toolchain-23/sysroot -I/nexmon/dev/android-ndk-toolchain-23/sysroot/usr/include -I/nexmon/opt/android/include -fPIE -DANDROID -Wno-multichar  -MT inet_pton.o -MD -MP -MF .deps/inet_pton.Tpo -c -o inet_pton.o inet_pton.c
mv -f .deps/inet_pton.Tpo .deps/inet_pton.Po
/nexmon/dev/android-ndk-toolchain-23/bin/arm-linux-androideabi-gcc -DHAVE_CONFIG_H -I. -I..  -I../include -I../include --sysroot=/nexmon/dev/android-ndk-toolchain-23/sysroot -I/nexmon/dev/android-ndk-toolchain-23/sysroot/usr/include -I/nexmon/dev/android-ndk-toolchain-23/include/c++/ -DANDROID -DNO_XMALLOC -mandroid -fno-rtti -fno-exceptions -Wall --sysroot=/nexmon/dev/android-ndk-toolchain-23/sysroot -I/nexmon/dev/android-ndk-toolchain-23/sysroot/usr/include -I/nexmon/opt/android/include -fPIE -DANDROID -Wno-multichar  -MT signal.o -MD -MP -MF .deps/signal.Tpo -c -o signal.o signal.c
mv -f .deps/signal.Tpo .deps/signal.Po
/nexmon/dev/android-ndk-toolchain-23/bin/arm-linux-androideabi-gcc -DHAVE_CONFIG_H -I. -I..  -I../include -I../include --sysroot=/nexmon/dev/android-ndk-toolchain-23/sysroot -I/nexmon/dev/android-ndk-toolchain-23/sysroot/usr/include -I/nexmon/dev/android-ndk-toolchain-23/include/c++/ -DANDROID -DNO_XMALLOC -mandroid -fno-rtti -fno-exceptions -Wall --sysroot=/nexmon/dev/android-ndk-toolchain-23/sysroot -I/nexmon/dev/android-ndk-toolchain-23/sysroot/usr/include -I/nexmon/opt/android/include -fPIE -DANDROID -Wno-multichar  -MT snprintf.o -MD -MP -MF .deps/snprintf.Tpo -c -o snprintf.o snprintf.c
mv -f .deps/snprintf.Tpo .deps/snprintf.Po
/nexmon/dev/android-ndk-toolchain-23/bin/arm-linux-androideabi-gcc -DHAVE_CONFIG_H -I. -I..  -I../include -I../include --sysroot=/nexmon/dev/android-ndk-toolchain-23/sysroot -I/nexmon/dev/android-ndk-toolchain-23/sysroot/usr/include -I/nexmon/dev/android-ndk-toolchain-23/include/c++/ -DANDROID -DNO_XMALLOC -mandroid -fno-rtti -fno-exceptions -Wall --sysroot=/nexmon/dev/android-ndk-toolchain-23/sysroot -I/nexmon/dev/android-ndk-toolchain-23/sysroot/usr/include -I/nexmon/opt/android/include -fPIE -DANDROID -Wno-multichar  -MT string.o -MD -MP -MF .deps/string.Tpo -c -o string.o string.c
mv -f .deps/string.Tpo .deps/string.Po
rm -f libcompat.a
ar cru libcompat.a Thread.o error.o delay.o gettimeofday.o inet_ntop.o inet_pton.o signal.o snprintf.o string.o 
/nexmon/dev/android-ndk-toolchain-23/bin/arm-linux-androideabi-ranlib libcompat.a
make[2]: Leaving directory `/nexmon/bcm-public/bootimg_src/src/iperf-2.0.9/compat'
Making all in doc
make[2]: Entering directory `/nexmon/bcm-public/bootimg_src/src/iperf-2.0.9/doc'
make[2]: Nothing to be done for `all'.
make[2]: Leaving directory `/nexmon/bcm-public/bootimg_src/src/iperf-2.0.9/doc'
Making all in include
make[2]: Entering directory `/nexmon/bcm-public/bootimg_src/src/iperf-2.0.9/include'
make[2]: Nothing to be done for `all'.
make[2]: Leaving directory `/nexmon/bcm-public/bootimg_src/src/iperf-2.0.9/include'
Making all in src
make[2]: Entering directory `/nexmon/bcm-public/bootimg_src/src/iperf-2.0.9/src'
/nexmon/dev/android-ndk-toolchain-23/bin/arm-linux-androideabi-g++ -DHAVE_CONFIG_H -I. -I..  -I../include -I../include --sysroot=/nexmon/dev/android-ndk-toolchain-23/sysroot -I/nexmon/dev/android-ndk-toolchain-23/sysroot/usr/include -I/nexmon/dev/android-ndk-toolchain-23/include/c++/ -DANDROID -DNO_XMALLOC -mandroid -fno-rtti -fno-exceptions -Wall --sysroot=/nexmon/dev/android-ndk-toolchain-23/sysroot -I/nexmon/dev/android-ndk-toolchain-23/sysroot/usr/include -I/nexmon/opt/android/include -fPIE -DANDROID -Wno-multichar  -MT Client.o -MD -MP -MF .deps/Client.Tpo -c -o Client.o Client.cpp
mv -f .deps/Client.Tpo .deps/Client.Po
/nexmon/dev/android-ndk-toolchain-23/bin/arm-linux-androideabi-gcc -DHAVE_CONFIG_H -I. -I..  -I../include -I../include --sysroot=/nexmon/dev/android-ndk-toolchain-23/sysroot -I/nexmon/dev/android-ndk-toolchain-23/sysroot/usr/include -I/nexmon/dev/android-ndk-toolchain-23/include/c++/ -DANDROID -DNO_XMALLOC -mandroid -fno-rtti -fno-exceptions -Wall --sysroot=/nexmon/dev/android-ndk-toolchain-23/sysroot -I/nexmon/dev/android-ndk-toolchain-23/sysroot/usr/include -I/nexmon/opt/android/include -fPIE -DANDROID -Wno-multichar  -MT Extractor.o -MD -MP -MF .deps/Extractor.Tpo -c -o Extractor.o Extractor.c
mv -f .deps/Extractor.Tpo .deps/Extractor.Po
/nexmon/dev/android-ndk-toolchain-23/bin/arm-linux-androideabi-g++ -DHAVE_CONFIG_H -I. -I..  -I../include -I../include --sysroot=/nexmon/dev/android-ndk-toolchain-23/sysroot -I/nexmon/dev/android-ndk-toolchain-23/sysroot/usr/include -I/nexmon/dev/android-ndk-toolchain-23/include/c++/ -DANDROID -DNO_XMALLOC -mandroid -fno-rtti -fno-exceptions -Wall --sysroot=/nexmon/dev/android-ndk-toolchain-23/sysroot -I/nexmon/dev/android-ndk-toolchain-23/sysroot/usr/include -I/nexmon/opt/android/include -fPIE -DANDROID -Wno-multichar  -MT Launch.o -MD -MP -MF .deps/Launch.Tpo -c -o Launch.o Launch.cpp
mv -f .deps/Launch.Tpo .deps/Launch.Po
/nexmon/dev/android-ndk-toolchain-23/bin/arm-linux-androideabi-g++ -DHAVE_CONFIG_H -I. -I..  -I../include -I../include --sysroot=/nexmon/dev/android-ndk-toolchain-23/sysroot -I/nexmon/dev/android-ndk-toolchain-23/sysroot/usr/include -I/nexmon/dev/android-ndk-toolchain-23/include/c++/ -DANDROID -DNO_XMALLOC -mandroid -fno-rtti -fno-exceptions -Wall --sysroot=/nexmon/dev/android-ndk-toolchain-23/sysroot -I/nexmon/dev/android-ndk-toolchain-23/sysroot/usr/include -I/nexmon/opt/android/include -fPIE -DANDROID -Wno-multichar  -MT List.o -MD -MP -MF .deps/List.Tpo -c -o List.o List.cpp
mv -f .deps/List.Tpo .deps/List.Po
/nexmon/dev/android-ndk-toolchain-23/bin/arm-linux-androideabi-g++ -DHAVE_CONFIG_H -I. -I..  -I../include -I../include --sysroot=/nexmon/dev/android-ndk-toolchain-23/sysroot -I/nexmon/dev/android-ndk-toolchain-23/sysroot/usr/include -I/nexmon/dev/android-ndk-toolchain-23/include/c++/ -DANDROID -DNO_XMALLOC -mandroid -fno-rtti -fno-exceptions -Wall --sysroot=/nexmon/dev/android-ndk-toolchain-23/sysroot -I/nexmon/dev/android-ndk-toolchain-23/sysroot/usr/include -I/nexmon/opt/android/include -fPIE -DANDROID -Wno-multichar  -MT Listener.o -MD -MP -MF .deps/Listener.Tpo -c -o Listener.o Listener.cpp
mv -f .deps/Listener.Tpo .deps/Listener.Po
/nexmon/dev/android-ndk-toolchain-23/bin/arm-linux-androideabi-gcc -DHAVE_CONFIG_H -I. -I..  -I../include -I../include --sysroot=/nexmon/dev/android-ndk-toolchain-23/sysroot -I/nexmon/dev/android-ndk-toolchain-23/sysroot/usr/include -I/nexmon/dev/android-ndk-toolchain-23/include/c++/ -DANDROID -DNO_XMALLOC -mandroid -fno-rtti -fno-exceptions -Wall --sysroot=/nexmon/dev/android-ndk-toolchain-23/sysroot -I/nexmon/dev/android-ndk-toolchain-23/sysroot/usr/include -I/nexmon/opt/android/include -fPIE -DANDROID -Wno-multichar  -MT Locale.o -MD -MP -MF .deps/Locale.Tpo -c -o Locale.o Locale.c
mv -f .deps/Locale.Tpo .deps/Locale.Po
/nexmon/dev/android-ndk-toolchain-23/bin/arm-linux-androideabi-g++ -DHAVE_CONFIG_H -I. -I..  -I../include -I../include --sysroot=/nexmon/dev/android-ndk-toolchain-23/sysroot -I/nexmon/dev/android-ndk-toolchain-23/sysroot/usr/include -I/nexmon/dev/android-ndk-toolchain-23/include/c++/ -DANDROID -DNO_XMALLOC -mandroid -fno-rtti -fno-exceptions -Wall --sysroot=/nexmon/dev/android-ndk-toolchain-23/sysroot -I/nexmon/dev/android-ndk-toolchain-23/sysroot/usr/include -I/nexmon/opt/android/include -fPIE -DANDROID -Wno-multichar  -MT PerfSocket.o -MD -MP -MF .deps/PerfSocket.Tpo -c -o PerfSocket.o PerfSocket.cpp
mv -f .deps/PerfSocket.Tpo .deps/PerfSocket.Po
/nexmon/dev/android-ndk-toolchain-23/bin/arm-linux-androideabi-gcc -DHAVE_CONFIG_H -I. -I..  -I../include -I../include --sysroot=/nexmon/dev/android-ndk-toolchain-23/sysroot -I/nexmon/dev/android-ndk-toolchain-23/sysroot/usr/include -I/nexmon/dev/android-ndk-toolchain-23/include/c++/ -DANDROID -DNO_XMALLOC -mandroid -fno-rtti -fno-exceptions -Wall --sysroot=/nexmon/dev/android-ndk-toolchain-23/sysroot -I/nexmon/dev/android-ndk-toolchain-23/sysroot/usr/include -I/nexmon/opt/android/include -fPIE -DANDROID -Wno-multichar  -MT ReportCSV.o -MD -MP -MF .deps/ReportCSV.Tpo -c -o ReportCSV.o ReportCSV.c
mv -f .deps/ReportCSV.Tpo .deps/ReportCSV.Po
/nexmon/dev/android-ndk-toolchain-23/bin/arm-linux-androideabi-gcc -DHAVE_CONFIG_H -I. -I..  -I../include -I../include --sysroot=/nexmon/dev/android-ndk-toolchain-23/sysroot -I/nexmon/dev/android-ndk-toolchain-23/sysroot/usr/include -I/nexmon/dev/android-ndk-toolchain-23/include/c++/ -DANDROID -DNO_XMALLOC -mandroid -fno-rtti -fno-exceptions -Wall --sysroot=/nexmon/dev/android-ndk-toolchain-23/sysroot -I/nexmon/dev/android-ndk-toolchain-23/sysroot/usr/include -I/nexmon/opt/android/include -fPIE -DANDROID -Wno-multichar  -MT ReportDefault.o -MD -MP -MF .deps/ReportDefault.Tpo -c -o ReportDefault.o ReportDefault.c
mv -f .deps/ReportDefault.Tpo .deps/ReportDefault.Po
/nexmon/dev/android-ndk-toolchain-23/bin/arm-linux-androideabi-gcc -DHAVE_CONFIG_H -I. -I..  -I../include -I../include --sysroot=/nexmon/dev/android-ndk-toolchain-23/sysroot -I/nexmon/dev/android-ndk-toolchain-23/sysroot/usr/include -I/nexmon/dev/android-ndk-toolchain-23/include/c++/ -DANDROID -DNO_XMALLOC -mandroid -fno-rtti -fno-exceptions -Wall --sysroot=/nexmon/dev/android-ndk-toolchain-23/sysroot -I/nexmon/dev/android-ndk-toolchain-23/sysroot/usr/include -I/nexmon/opt/android/include -fPIE -DANDROID -Wno-multichar  -MT Reporter.o -MD -MP -MF .deps/Reporter.Tpo -c -o Reporter.o Reporter.c
mv -f .deps/Reporter.Tpo .deps/Reporter.Po
/nexmon/dev/android-ndk-toolchain-23/bin/arm-linux-androideabi-g++ -DHAVE_CONFIG_H -I. -I..  -I../include -I../include --sysroot=/nexmon/dev/android-ndk-toolchain-23/sysroot -I/nexmon/dev/android-ndk-toolchain-23/sysroot/usr/include -I/nexmon/dev/android-ndk-toolchain-23/include/c++/ -DANDROID -DNO_XMALLOC -mandroid -fno-rtti -fno-exceptions -Wall --sysroot=/nexmon/dev/android-ndk-toolchain-23/sysroot -I/nexmon/dev/android-ndk-toolchain-23/sysroot/usr/include -I/nexmon/opt/android/include -fPIE -DANDROID -Wno-multichar  -MT Server.o -MD -MP -MF .deps/Server.Tpo -c -o Server.o Server.cpp
mv -f .deps/Server.Tpo .deps/Server.Po
/nexmon/dev/android-ndk-toolchain-23/bin/arm-linux-androideabi-g++ -DHAVE_CONFIG_H -I. -I..  -I../include -I../include --sysroot=/nexmon/dev/android-ndk-toolchain-23/sysroot -I/nexmon/dev/android-ndk-toolchain-23/sysroot/usr/include -I/nexmon/dev/android-ndk-toolchain-23/include/c++/ -DANDROID -DNO_XMALLOC -mandroid -fno-rtti -fno-exceptions -Wall --sysroot=/nexmon/dev/android-ndk-toolchain-23/sysroot -I/nexmon/dev/android-ndk-toolchain-23/sysroot/usr/include -I/nexmon/opt/android/include -fPIE -DANDROID -Wno-multichar  -MT Settings.o -MD -MP -MF .deps/Settings.Tpo -c -o Settings.o Settings.cpp
mv -f .deps/Settings.Tpo .deps/Settings.Po
/nexmon/dev/android-ndk-toolchain-23/bin/arm-linux-androideabi-gcc -DHAVE_CONFIG_H -I. -I..  -I../include -I../include --sysroot=/nexmon/dev/android-ndk-toolchain-23/sysroot -I/nexmon/dev/android-ndk-toolchain-23/sysroot/usr/include -I/nexmon/dev/android-ndk-toolchain-23/include/c++/ -DANDROID -DNO_XMALLOC -mandroid -fno-rtti -fno-exceptions -Wall --sysroot=/nexmon/dev/android-ndk-toolchain-23/sysroot -I/nexmon/dev/android-ndk-toolchain-23/sysroot/usr/include -I/nexmon/opt/android/include -fPIE -DANDROID -Wno-multichar  -MT SocketAddr.o -MD -MP -MF .deps/SocketAddr.Tpo -c -o SocketAddr.o SocketAddr.c
mv -f .deps/SocketAddr.Tpo .deps/SocketAddr.Po
/nexmon/dev/android-ndk-toolchain-23/bin/arm-linux-androideabi-gcc -DHAVE_CONFIG_H -I. -I..  -I../include -I../include --sysroot=/nexmon/dev/android-ndk-toolchain-23/sysroot -I/nexmon/dev/android-ndk-toolchain-23/sysroot/usr/include -I/nexmon/dev/android-ndk-toolchain-23/include/c++/ -DANDROID -DNO_XMALLOC -mandroid -fno-rtti -fno-exceptions -Wall --sysroot=/nexmon/dev/android-ndk-toolchain-23/sysroot -I/nexmon/dev/android-ndk-toolchain-23/sysroot/usr/include -I/nexmon/opt/android/include -fPIE -DANDROID -Wno-multichar  -MT gnu_getopt.o -MD -MP -MF .deps/gnu_getopt.Tpo -c -o gnu_getopt.o gnu_getopt.c
mv -f .deps/gnu_getopt.Tpo .deps/gnu_getopt.Po
/nexmon/dev/android-ndk-toolchain-23/bin/arm-linux-androideabi-gcc -DHAVE_CONFIG_H -I. -I..  -I../include -I../include --sysroot=/nexmon/dev/android-ndk-toolchain-23/sysroot -I/nexmon/dev/android-ndk-toolchain-23/sysroot/usr/include -I/nexmon/dev/android-ndk-toolchain-23/include/c++/ -DANDROID -DNO_XMALLOC -mandroid -fno-rtti -fno-exceptions -Wall --sysroot=/nexmon/dev/android-ndk-toolchain-23/sysroot -I/nexmon/dev/android-ndk-toolchain-23/sysroot/usr/include -I/nexmon/opt/android/include -fPIE -DANDROID -Wno-multichar  -MT gnu_getopt_long.o -MD -MP -MF .deps/gnu_getopt_long.Tpo -c -o gnu_getopt_long.o gnu_getopt_long.c
mv -f .deps/gnu_getopt_long.Tpo .deps/gnu_getopt_long.Po
/nexmon/dev/android-ndk-toolchain-23/bin/arm-linux-androideabi-g++ -DHAVE_CONFIG_H -I. -I..  -I../include -I../include --sysroot=/nexmon/dev/android-ndk-toolchain-23/sysroot -I/nexmon/dev/android-ndk-toolchain-23/sysroot/usr/include -I/nexmon/dev/android-ndk-toolchain-23/include/c++/ -DANDROID -DNO_XMALLOC -mandroid -fno-rtti -fno-exceptions -Wall --sysroot=/nexmon/dev/android-ndk-toolchain-23/sysroot -I/nexmon/dev/android-ndk-toolchain-23/sysroot/usr/include -I/nexmon/opt/android/include -fPIE -DANDROID -Wno-multichar  -MT main.o -MD -MP -MF .deps/main.Tpo -c -o main.o main.cpp
mv -f .deps/main.Tpo .deps/main.Po
/nexmon/dev/android-ndk-toolchain-23/bin/arm-linux-androideabi-gcc -DHAVE_CONFIG_H -I. -I..  -I../include -I../include --sysroot=/nexmon/dev/android-ndk-toolchain-23/sysroot -I/nexmon/dev/android-ndk-toolchain-23/sysroot/usr/include -I/nexmon/dev/android-ndk-toolchain-23/include/c++/ -DANDROID -DNO_XMALLOC -mandroid -fno-rtti -fno-exceptions -Wall --sysroot=/nexmon/dev/android-ndk-toolchain-23/sysroot -I/nexmon/dev/android-ndk-toolchain-23/sysroot/usr/include -I/nexmon/opt/android/include -fPIE -DANDROID -Wno-multichar  -MT service.o -MD -MP -MF .deps/service.Tpo -c -o service.o service.c
mv -f .deps/service.Tpo .deps/service.Po
/nexmon/dev/android-ndk-toolchain-23/bin/arm-linux-androideabi-gcc -DHAVE_CONFIG_H -I. -I..  -I../include -I../include --sysroot=/nexmon/dev/android-ndk-toolchain-23/sysroot -I/nexmon/dev/android-ndk-toolchain-23/sysroot/usr/include -I/nexmon/dev/android-ndk-toolchain-23/include/c++/ -DANDROID -DNO_XMALLOC -mandroid -fno-rtti -fno-exceptions -Wall --sysroot=/nexmon/dev/android-ndk-toolchain-23/sysroot -I/nexmon/dev/android-ndk-toolchain-23/sysroot/usr/include -I/nexmon/opt/android/include -fPIE -DANDROID -Wno-multichar  -MT sockets.o -MD -MP -MF .deps/sockets.Tpo -c -o sockets.o sockets.c
mv -f .deps/sockets.Tpo .deps/sockets.Po
/nexmon/dev/android-ndk-toolchain-23/bin/arm-linux-androideabi-gcc -DHAVE_CONFIG_H -I. -I..  -I../include -I../include --sysroot=/nexmon/dev/android-ndk-toolchain-23/sysroot -I/nexmon/dev/android-ndk-toolchain-23/sysroot/usr/include -I/nexmon/dev/android-ndk-toolchain-23/include/c++/ -DANDROID -DNO_XMALLOC -mandroid -fno-rtti -fno-exceptions -Wall --sysroot=/nexmon/dev/android-ndk-toolchain-23/sysroot -I/nexmon/dev/android-ndk-toolchain-23/sysroot/usr/include -I/nexmon/opt/android/include -fPIE -DANDROID -Wno-multichar  -MT stdio.o -MD -MP -MF .deps/stdio.Tpo -c -o stdio.o stdio.c
mv -f .deps/stdio.Tpo .deps/stdio.Po
/nexmon/dev/android-ndk-toolchain-23/bin/arm-linux-androideabi-gcc -DHAVE_CONFIG_H -I. -I..  -I../include -I../include --sysroot=/nexmon/dev/android-ndk-toolchain-23/sysroot -I/nexmon/dev/android-ndk-toolchain-23/sysroot/usr/include -I/nexmon/dev/android-ndk-toolchain-23/include/c++/ -DANDROID -DNO_XMALLOC -mandroid -fno-rtti -fno-exceptions -Wall --sysroot=/nexmon/dev/android-ndk-toolchain-23/sysroot -I/nexmon/dev/android-ndk-toolchain-23/sysroot/usr/include -I/nexmon/opt/android/include -fPIE -DANDROID -Wno-multichar  -MT tcp_window_size.o -MD -MP -MF .deps/tcp_window_size.Tpo -c -o tcp_window_size.o tcp_window_size.c
mv -f .deps/tcp_window_size.Tpo .deps/tcp_window_size.Po
/nexmon/dev/android-ndk-toolchain-23/bin/arm-linux-androideabi-g++ -Wall --sysroot=/nexmon/dev/android-ndk-toolchain-23/sysroot -I/nexmon/dev/android-ndk-toolchain-23/sysroot/usr/include -I/nexmon/opt/android/include -fPIE -DANDROID -Wno-multichar  --sysroot=/nexmon/dev/android-ndk-toolchain-23/sysroot -I/nexmon/dev/android-ndk-toolchain-23/sysroot/usr/include -I/nexmon/opt/android/include -fPIE -DANDROID -Wno-multichar    -DHAVE_CONFIG_H -Wl,-rpath-link=-I/nexmon/dev/android-ndk-toolchain-23/sysroot/usr/lib -L/nexmon/dev/android-ndk-toolchain-23/sysroot/usr/lib -L/nexmon/opt/android/lib -L/nexmon/dev/android-ndk-toolchain-23/lib -o iperf Client.o Extractor.o Launch.o List.o Listener.o Locale.o PerfSocket.o ReportCSV.o ReportDefault.o Reporter.o Server.o Settings.o SocketAddr.o gnu_getopt.o gnu_getopt_long.o main.o service.o sockets.o stdio.o tcp_window_size.o ../compat/libcompat.a -lc
/nexmon/dev/android-ndk-toolchain-23/bin/arm-linux-androideabi-gcc -DHAVE_CONFIG_H -I. -I..  -I../include -I../include --sysroot=/nexmon/dev/android-ndk-toolchain-23/sysroot -I/nexmon/dev/android-ndk-toolchain-23/sysroot/usr/include -I/nexmon/dev/android-ndk-toolchain-23/include/c++/ -DANDROID -DNO_XMALLOC -mandroid -fno-rtti -fno-exceptions -Wall --sysroot=/nexmon/dev/android-ndk-toolchain-23/sysroot -I/nexmon/dev/android-ndk-toolchain-23/sysroot/usr/include -I/nexmon/opt/android/include -fPIE -DANDROID -Wno-multichar  -MT checkdelay.o -MD -MP -MF .deps/checkdelay.Tpo -c -o checkdelay.o checkdelay.c
mv -f .deps/checkdelay.Tpo .deps/checkdelay.Po
/nexmon/dev/android-ndk-toolchain-23/bin/arm-linux-androideabi-g++ -Wall --sysroot=/nexmon/dev/android-ndk-toolchain-23/sysroot -I/nexmon/dev/android-ndk-toolchain-23/sysroot/usr/include -I/nexmon/opt/android/include -fPIE -DANDROID -Wno-multichar   -Wl,-rpath-link=-I/nexmon/dev/android-ndk-toolchain-23/sysroot/usr/lib -L/nexmon/dev/android-ndk-toolchain-23/sysroot/usr/lib -L/nexmon/opt/android/lib -L/nexmon/dev/android-ndk-toolchain-23/lib -o checkdelay checkdelay.o ../compat/libcompat.a -lc
make[2]: Leaving directory `/nexmon/bcm-public/bootimg_src/src/iperf-2.0.9/src'
Making all in man
make[2]: Entering directory `/nexmon/bcm-public/bootimg_src/src/iperf-2.0.9/man'
make[2]: Nothing to be done for `all'.
make[2]: Leaving directory `/nexmon/bcm-public/bootimg_src/src/iperf-2.0.9/man'
make[2]: Entering directory `/nexmon/bcm-public/bootimg_src/src/iperf-2.0.9'
make[2]: Leaving directory `/nexmon/bcm-public/bootimg_src/src/iperf-2.0.9'
make[1]: Leaving directory `/nexmon/bcm-public/bootimg_src/src/iperf-2.0.9'
